C251 COMPILER V5.60.0,  bluetooth                                                          09/05/25  17:38:46  PAGE 1   


C251 COMPILER V5.60.0, COMPILATION OF MODULE bluetooth
OBJECT MODULE PLACED IN .\out_file\bluetooth.obj
COMPILER INVOKED BY: D:\C251\C251\BIN\C251.EXE ..\user\bluetooth.c LARGE NOALIAS FLOAT64 WARNINGLEVEL(3) OPTIMIZE(2,SIZE
                    -) BROWSE INCDIR(..\..\libraries\zf_common;..\..\libraries\zf_components;..\..\libraries\zf_device;..\..\libraries\zf_dri
                    -ver;..\user;..\code) DEBUG PRINT(.\out_file\bluetooth.lst) TABS(2) OBJECT(.\out_file\bluetooth.obj) 

stmt  level    source

    1          #include "bluetooth.h"
    2          
    3          void blue_tooth_read(char* command)//¶ÁÈ¡Êý¾Ý
    4          {
    5   1          if(ble6a20_read_buffer(command, command_size))                          // ²é¿´ÊÇ·ñÓÐÏûÏ¢ Ä¬ÈÏ»º³åÇøÊ
             -ÇBLE6A20_BUFFER_SIZE ×Ü¹² 64 ×Ö½Ú
    6   1          {
    7   2            ble6a20_send_string("Recived: ");
    8   2            ble6a20_send_byte(command[0]);
    9   2            ble6a20_send_string("\r\n");
   10   2          }
   11   1      }


Module Information          Static   Overlayable
------------------------------------------------
  code size            =        70     ------
  ecode size           =    ------     ------
  data size            =    ------     ------
  idata size           =    ------     ------
  pdata size           =    ------     ------
  xdata size           =         4     ------
  xdata-const size     =    ------     ------
  edata size           =    ------     ------
  bit size             =    ------     ------
  ebit size            =    ------     ------
  bitaddressable size  =    ------     ------
  ebitaddressable size =    ------     ------
  far data size        =    ------     ------
  huge data size       =    ------     ------
  const size           =    ------     ------
  hconst size          =        13     ------
End of Module Information.


C251 COMPILATION COMPLETE.  0 WARNING(S),  0 ERROR(S)
