C251 COMPILER V5.60.0,  button                                                             09/05/25  21:42:22  PAGE 1   


C251 COMPILER V5.60.0, COMPILATION OF MODULE button
OBJECT MODULE PLACED IN .\out_file\button.obj
COMPILER INVOKED BY: D:\C251\C251\BIN\C251.EXE ..\user\button.c LARGE NOALIAS FLOAT64 WARNINGLEVEL(3) OPTIMIZE(2,SIZE) B
                    -ROWSE INCDIR(..\..\libraries\zf_common;..\..\libraries\zf_components;..\..\libraries\zf_device;..\..\libraries\zf_driver
                    -;..\user;..\code) DEBUG PRINT(.\out_file\button.lst) TABS(2) OBJECT(.\out_file\button.obj) 

stmt  level    source

    1          #include "button.h"
    2          
    3          // 开关状态变量
    4          uint8 key1_status = 1;
    5          uint8 key2_status = 1;
    6          uint8 key3_status = 1;
    7          
    8          // 上一次开关状态变量
    9          uint8 key1_last_status;
   10          uint8 key2_last_status;
   11          uint8 key3_last_status;
   12          
   13          // 开关标志位
   14          uint8 key1_flag = 0;
   15          uint8 key2_flag = 0;
   16          uint8 key3_flag = 0;
   17          
   18          void button_init()
   19          {
   20   1        gpio_init(KEY1_PIN, GPI, 1, GPI_PULL_UP);
   21   1        gpio_init(KEY2_PIN, GPI, 1, GPI_PULL_UP);
   22   1        gpio_init(KEY3_PIN, GPI, 1, GPI_PULL_UP);
   23   1      }
   24          
   25          void get_key()
   26          {
   27   1        key1_last_status = key1_status;
   28   1        key2_last_status = key2_status;
   29   1        key3_last_status = key3_status;
   30   1        
   31   1        //读取当前按键的状态
   32   1        key1_status = gpio_get_level(KEY1_PIN);
   33   1        key2_status = gpio_get_level(KEY2_PIN);
   34   1        key3_status = gpio_get_level(KEY3_PIN);
   35   1        
   36   1        //检测到按键按下之后  并放开置位标志位
   37   1        if(key1_status && !key1_last_status)    key1_flag = 1;
   38   1        if(key2_status && !key2_last_status)    key2_flag = 1;
   39   1        if(key3_status && !key3_last_status)    key3_flag = 1;
   40   1      }
   41          
   42          void refresh_button()
   43          {
   44   1        key1_flag = 0;
   45   1        key2_flag = 0;
   46   1        key3_flag = 0;
   47   1      }


Module Information          Static   Overlayable
------------------------------------------------
  code size            =       174     ------
  ecode size           =    ------     ------
  data size            =    ------     ------
  idata size           =    ------     ------
  pdata size           =    ------     ------
  xdata size           =         9     ------
  xdata-const size     =    ------     ------
C251 COMPILER V5.60.0,  button                                                             09/05/25  21:42:22  PAGE 2   

  edata size           =    ------     ------
  bit size             =    ------     ------
  ebit size            =    ------     ------
  bitaddressable size  =    ------     ------
  ebitaddressable size =    ------     ------
  far data size        =    ------     ------
  huge data size       =    ------     ------
  const size           =    ------     ------
  hconst size          =        36     ------
End of Module Information.


C251 COMPILATION COMPLETE.  0 WARNING(S),  0 ERROR(S)
