C251 COMPILER V5.60.0,  init                                                               09/05/25  21:42:22  PAGE 1   


C251 COMPILER V5.60.0, COMPILATION OF MODULE init
OBJECT MODULE PLACED IN .\out_file\init.obj
COMPILER INVOKED BY: D:\C251\C251\BIN\C251.EXE ..\user\init.c LARGE NOALIAS FLOAT64 WARNINGLEVEL(3) OPTIMIZE(2,SIZE) BRO
                    -WSE INCDIR(..\..\libraries\zf_common;..\..\libraries\zf_components;..\..\libraries\zf_device;..\..\libraries\zf_driver;.
                    -.\user;..\code) DEBUG PRINT(.\out_file\init.lst) TABS(2) OBJECT(.\out_file\init.obj) 

stmt  level    source

    1          #include "init.h"
    2          
    3          void init()
    4          {
    5   1          clock_init(SYSTEM_CLOCK_40M); // 务必保留
    6   1          debug_init(); // 务必保留
    7   1        
    8   1          //E2PROM初始化
    9   1          QSPI_Init();
   10   1          W25Q_Enable_QE();
   11   1        
   12   1          //按键初始化
   13   1          button_init();
   14   1        
   15   1          //编码器初始化
   16   1          encoder_dir_init(ENCODER_DIR_1, ENCODER_DIR_DIR_1, ENCODER_DIR_PULSE_1);
   17   1        
   18   1      #if IPS_USE     
   19   1          //屏幕初始化
   20   1          ips114_init();
   21   1      #endif
   22   1          
   23   1          //GPS初始化
   24   1          gps_init();
   25   1        
   26   1          //蓝牙初始化
   27   1          while(ble6a20_init());
   28   1      
   29   1          //IMU初始化
   30   1          while(imu660ra_init()!=0)
   31   1          {
   32   2      #if IPS_USE      
   33   2              ips114_show_string(0, 16*1, "IMU660RA init error.");// IMU660RA 初始化失败
   34   2      #else
                       ble6a20_send_string("IMU660RA init error.\r\n"); 
               #endif
   37   2          }
   38   1      
   39   1      #if IPS_USE     
   40   1          ips114_clear(RGB565_WHITE);//清屏   
   41   1          IPS114_Show_Unit();//显示单位
   42   1      #endif
   43   1          
   44   1          //pid初始化
   45   1          My_Pid_Init();
   46   1          
   47   1          //中断初始化
   48   1          my_pit_init();
   49   1          
   50   1          //pwm初始化
   51   1          my_pwm_init();
   52   1          
   53   1          //状态机更新
   54   1          curState = State_Init;
   55   1      }


C251 COMPILER V5.60.0,  init                                                               09/05/25  21:42:22  PAGE 2   

Module Information          Static   Overlayable
------------------------------------------------
  code size            =       101     ------
  ecode size           =    ------     ------
  data size            =    ------     ------
  idata size           =    ------     ------
  pdata size           =    ------     ------
  xdata size           =    ------     ------
  xdata-const size     =    ------     ------
  edata size           =    ------     ------
  bit size             =    ------     ------
  ebit size            =    ------     ------
  bitaddressable size  =    ------     ------
  ebitaddressable size =    ------     ------
  far data size        =    ------     ------
  huge data size       =    ------     ------
  const size           =    ------     ------
  hconst size          =        21     ------
End of Module Information.


C251 COMPILATION COMPLETE.  0 WARNING(S),  0 ERROR(S)
