C251 COMPILER V5.60.0,  StateMachine                                                       09/05/25  18:38:21  PAGE 1   


C251 COMPILER V5.60.0, COMPILATION OF MODULE StateMachine
OBJECT MODULE PLACED IN .\out_file\StateMachine.obj
COMPILER INVOKED BY: D:\C251\C251\BIN\C251.EXE ..\user\StateMachine.c LARGE NOALIAS FLOAT64 WARNINGLEVEL(3) OPTIMIZE(2,S
                    -IZE) BROWSE INCDIR(..\..\libraries\zf_common;..\..\libraries\zf_components;..\..\libraries\zf_device;..\..\libraries\zf_
                    -driver;..\user;..\code) DEBUG PRINT(.\out_file\StateMachine.lst) TABS(2) OBJECT(.\out_file\StateMachine.obj) 

stmt  level    source

    1          #include "StateMachine.h"
    2          
    3          /*µ±Ç°×´Ì¬*/
    4          StateMachine curState = State_Bringup;


Module Information          Static   Overlayable
------------------------------------------------
  code size            =    ------     ------
  ecode size           =    ------     ------
  data size            =    ------     ------
  idata size           =    ------     ------
  pdata size           =    ------     ------
  xdata size           =         2     ------
  xdata-const size     =    ------     ------
  edata size           =    ------     ------
  bit size             =    ------     ------
  ebit size            =    ------     ------
  bitaddressable size  =    ------     ------
  ebitaddressable size =    ------     ------
  far data size        =    ------     ------
  huge data size       =    ------     ------
  const size           =    ------     ------
  hconst size          =         7     ------
End of Module Information.


C251 COMPILATION COMPLETE.  0 WARNING(S),  0 ERROR(S)
