C251 COMPILER V5.60.0,  zf_device_imu660ra                                                 04/04/25  21:21:55  PAGE 1   


C251 COMPILER V5.60.0, COMPILATION OF MODULE zf_device_imu660ra
OBJECT MODULE PLACED IN .\out_file\zf_device_imu660ra.obj
COMPILER INVOKED BY: D:\C251\C251\BIN\C251.EXE ..\..\libraries\zf_device\zf_device_imu660ra.c LARGE NOALIAS FLOAT64 WARN
                    -INGLEVEL(3) OPTIMIZE(2,SIZE) BROWSE INCDIR(..\..\libraries\zf_common;..\..\libraries\zf_components;..\..\libraries\zf_de
                    -vice;..\..\libraries\zf_driver;..\user;..\code) DEBUG PRINT(.\out_file\zf_device_imu660ra.lst) TABS(2) OBJECT(.\out_file
                    -\zf_device_imu660ra.obj) 

stmt  level    source

    1          /********************************************************************************************************
             -*************
    2          * AI8051U Opensourec Library å³ï¼ˆAI8051U å¼€æºåº“ï¼‰æ˜¯ä¸€ä¸ªåŸºäºå®˜æ–¹ SDK æ¥å£çš„ç¬¬ä¸‰æ–¹å¼€æº
             -åº“
    3          * Copyright (c) 2022 SEEKFREE é€é£ç§‘æŠ€
    4          *
    5          * æœ¬æ–‡ä»¶æ˜¯STC å¼€æºåº“çš„ä¸€éƒ¨åˆ†
    6          *
    7          * AI8051U å¼€æºåº“ æ˜¯å…è´¹è½¯ä»¶
    8          * æ‚¨å¯ä»¥æ ¹æ®è‡ªç”±è½¯ä»¶åŸºé‡‘ä¼šå‘å¸ƒçš„ GPLï¼ˆGNU General Public Licenseï¼Œå³ GNUé€šç”¨å…¬å…±è®¸
             -å¯è¯ï¼‰çš„æ¡æ¬¾
    9          * å³ GPL çš„ç¬¬3ç‰ˆï¼ˆå³ GPL3.0ï¼‰æˆ–ï¼ˆæ‚¨é€‰æ‹©çš„ï¼‰ä»»ä½•åæ¥çš„ç‰ˆæœ¬ï¼Œé‡æ–°å‘å¸ƒå’Œ/æˆ–ä¿®æ”
             -¹å®ƒ
   10          *
   11          * æœ¬å¼€æºåº“çš„å‘å¸ƒæ˜¯å¸Œæœ›å®ƒèƒ½å‘æŒ¥ä½œç”¨ï¼Œä½†å¹¶æœªå¯¹å…¶ä½œä»»ä½•çš„ä¿è¯
   12          * ç”šè‡³æ²¡æœ‰éšå«çš„é€‚é”€æ€§æˆ–é€‚åˆç‰¹å®šç”¨é€”çš„ä¿è¯
   13          * æ›´å¤šç»†èŠ‚è¯·å‚è§ GPL
   14          *
   15          * æ‚¨åº”è¯¥åœ¨æ”¶åˆ°æœ¬å¼€æºåº“çš„åŒæ—¶æ”¶åˆ°ä¸€ä»½ GPL çš„å‰¯æœ¬
   16          * å¦‚æœæ²¡æœ‰ï¼Œè¯·å‚é˜…<https://www.gnu.org/licenses/>
   17          *
   18          * é¢å¤–æ³¨æ˜ï¼š
   19          * æœ¬å¼€æºåº“ä½¿ç”¨ GPL3.0 å¼€æºè®¸å¯è¯åè®® ä»¥ä¸Šè®¸å¯ç”³æ˜ä¸ºè¯‘æ–‡ç‰ˆæœ¬
   20          * è®¸å¯ç”³æ˜è‹±æ–‡ç‰ˆåœ¨ libraries/doc æ–‡ä»¶å¤¹ä¸‹çš„ GPL3_permission_statement.txt æ–‡ä»¶ä¸­
   21          * è®¸å¯è¯å‰¯æœ¬åœ¨ libraries æ–‡ä»¶å¤¹ä¸‹ å³è¯¥æ–‡ä»¶å¤¹ä¸‹çš„ LICENSE æ–‡ä»¶
   22          * æ¬¢è¿å„ä½ä½¿ç”¨å¹¶ä¼ æ’­æœ¬ç¨‹åº ä½†ä¿®æ”¹å†…å®¹æ—¶å¿…é¡»ä¿ç•™é€é£ç§‘æŠ€çš„ç‰ˆæƒå£°æ˜ï¼ˆå³æœ¬
             -å£°æ˜ï¼‰
   23          *
   24          * æ–‡ä»¶åç§°          
   25          * å…¬å¸åç§°          æˆéƒ½é€é£ç§‘æŠ€æœ‰é™å…¬å¸
   26          * ç‰ˆæœ¬ä¿¡æ¯          æŸ¥çœ‹ libraries/doc æ–‡ä»¶å¤¹å†… version æ–‡ä»¶ ç‰ˆæœ¬è¯´æ˜
   27          * å¼€å‘ç¯å¢ƒ          MDK FOR C251
   28          * é€‚ç”¨å¹³å°          AI8051U
   29          * åº—é“ºé“¾æ¥          https://seekfree.taobao.com/
   30          *
   31          * ä¿®æ”¹è®°å½•
   32          * æ—¥æœŸ              ä½œè€…           å¤‡æ³¨
   33          * 2024-08-01        å¤§W            first version
   34          *********************************************************************************************************
             -***********/
   35          /********************************************************************************************************
             -*************
   36          * æ¥çº¿å®šä¹‰ï¼š
   37          *                   ------------------------------------
   38          *                   æ¨¡å—ç®¡è„š            å•ç‰‡æœºç®¡è„š
   39          *                   // ç¡¬ä»¶ SPI å¼•è„š
   40          *                   SCL/SPC           æŸ¥çœ‹ zf_device_imu660ra.h ä¸­ IMU660RA_SPC_PIN å®å®šä¹‰
   41          *                   SDA/DSI           æŸ¥çœ‹ zf_device_imu660ra.h ä¸­ IMU660RA_SDI_PIN å®å®šä¹‰
   42          *                   SA0/SDO           æŸ¥çœ‹ zf_device_imu660ra.h ä¸­ IMU660RA_SDO_PIN å®å®šä¹‰
   43          *                   CS                æŸ¥çœ‹ zf_device_imu660ra.h ä¸­ IMU660RA_CS_PIN å®å®šä¹‰
   44          *                   VCC               3.3Vç”µæº
   45          *                   GND               ç”µæºåœ°
   46          *                   å…¶ä½™å¼•è„šæ‚¬ç©º
   47          *
   48          *                   // è½¯ä»¶ IIC å¼•è„š
   49          *                   SCL/SPC           æŸ¥çœ‹ zf_device_imu660ra.h ä¸­ IMU660RA_SCL_PIN å®å®šä¹‰
C251 COMPILER V5.60.0,  zf_device_imu660ra                                                 04/04/25  21:21:55  PAGE 2   

   50          *                   SDA/DSI           æŸ¥çœ‹ zf_device_imu660ra.h ä¸­ IMU660RA_SDA_PIN å®å®šä¹‰
   51          *                   VCC               3.3Vç”µæº
   52          *                   GND               ç”µæºåœ°
   53          *                   å…¶ä½™å¼•è„šæ‚¬ç©º
   54          *                   ------------------------------------
   55          *********************************************************************************************************
             -***********/
   56          
   57          #include "zf_common_debug.h"
   58          #include "zf_driver_delay.h"
   59          #include "zf_driver_spi.h"
   60          #include "zf_driver_gpio.h"
   61          #include "zf_driver_soft_iic.h"
   62          #include "zf_device_config.h"
   63          
   64          #include "zf_device_imu660ra.h"
   65          
   66          #pragma warning disable = 183
   67          #pragma warning disable = 177
   68          
   69          int16 imu660ra_gyro_x = 0, imu660ra_gyro_y = 0, imu660ra_gyro_z = 0;            // ä¸‰è½´é™€èºä»ªæ•°æ® 
             -  gyro (é™€èºä»ª)
   70          int16 imu660ra_acc_x = 0, imu660ra_acc_y = 0, imu660ra_acc_z = 0;               // ä¸‰è½´åŠ é€Ÿåº¦è®¡æ•°æ
             -® acc  (accelerometer åŠ é€Ÿåº¦è®¡)
   71          int16 imu_gyro_x_pre = 0, imu_gyro_y_pre = 0, imu_gyro_z_pre = 0;            // ä¸Šä¸€æ—¶åˆ»å€¼
   72          int16 imu_acc_x_pre = 0, imu_acc_y_pre = 0, imu_acc_z_pre = 0;               // ä¸Šä¸€æ—¶åˆ»å€¼
   73          
   74          float imu660ra_transition_factor[2] = {4096, 16.4};
   75          
   76          #if IMU660RA_USE_SOFT_IIC
               static soft_iic_info_struct imu660ra_iic_struct;
               
               #define imu660ra_write_register(reg, dat)        (soft_iic_write_8bit_register(&imu660ra_iic_struct, (reg
             -), (dat)))
               #define imu660ra_write_registers(reg, dat, len)  (soft_iic_write_8bit_registers(&imu660ra_iic_struct, (re
             -g), (dat), (len)))
               #define imu660ra_read_register(reg)               (soft_iic_read_8bit_register(&imu660ra_iic_struct, (reg
             -)))
               #define imu660ra_read_registers(reg, dat, len)   (soft_iic_read_8bit_registers(&imu660ra_iic_struct, (reg
             -), (dat), (len)))
               #else
   84          //-------------------------------------------------------------------------------------------------------
             -------------
   85          // å‡½æ•°ç®€ä»‹     IMU660RA å†™å¯„å­˜å™¨
   86          // å‚æ•°è¯´æ˜     reg             å¯„å­˜å™¨åœ°å€
   87          // å‚æ•°è¯´æ˜     dat            æ•°æ®
   88          // è¿”å›å‚æ•°     void
   89          // ä½¿ç”¨ç¤ºä¾‹     imu660ra_write_register(IMU660RA_PWR_CONF, 0x00);                   // å…³é—­é«˜çº§çœ
             -ç”µæ¨¡å¼
   90          // å¤‡æ³¨ä¿¡æ¯     å†…éƒ¨è°ƒç”¨
   91          //-------------------------------------------------------------------------------------------------------
             -------------
   92          static void imu660ra_write_register(uint8 reg, uint8 dat)
   93          {
   94   1          IMU660RA_CS(0);
   95   1          spi_write_8bit_register(IMU660RA_SPI, reg | IMU660RA_SPI_W, dat);
   96   1          IMU660RA_CS(1);
   97   1      }
   98          
   99          //-------------------------------------------------------------------------------------------------------
             -------------
  100          // å‡½æ•°ç®€ä»‹     IMU660RA å†™æ•°æ®
  101          // å‚æ•°è¯´æ˜     reg             å¯„å­˜å™¨åœ°å€
  102          // å‚æ•°è¯´æ˜     dat            æ•°æ®
  103          // è¿”å›å‚æ•°     void
  104          // ä½¿ç”¨ç¤ºä¾‹     imu660ra_write_registers(IMU660RA_INIT_DATA, imu660ra_config_file, sizeof(imu660ra_co
C251 COMPILER V5.60.0,  zf_device_imu660ra                                                 04/04/25  21:21:55  PAGE 3   

             -nfig_file));
  105          // å¤‡æ³¨ä¿¡æ¯     å†…éƒ¨è°ƒç”¨
  106          //-------------------------------------------------------------------------------------------------------
             -------------
  107          static void imu660ra_write_registers(uint8 reg, const uint8 *dat, uint32 len)
  108          {
  109   1          IMU660RA_CS(0);
  110   1          spi_write_8bit_registers(IMU660RA_SPI, reg | IMU660RA_SPI_W, dat, len);
  111   1          IMU660RA_CS(1);
  112   1      }
  113          
  114          //-------------------------------------------------------------------------------------------------------
             -------------
  115          // å‡½æ•°ç®€ä»‹     IMU660RA è¯»å¯„å­˜å™¨
  116          // å‚æ•°è¯´æ˜     reg             å¯„å­˜å™¨åœ°å€
  117          // è¿”å›å‚æ•°     uint8           æ•°æ®
  118          // ä½¿ç”¨ç¤ºä¾‹     imu660ra_read_register(IMU660RA_CHIP_ID);
  119          // å¤‡æ³¨ä¿¡æ¯     å†…éƒ¨è°ƒç”¨
  120          //-------------------------------------------------------------------------------------------------------
             -------------
  121          static uint8 imu660ra_read_register(uint8 reg)
  122          {
  123   1          uint8 dat[2];
  124   1          IMU660RA_CS(0);
  125   1          spi_read_8bit_registers(IMU660RA_SPI, reg | IMU660RA_SPI_R, dat, 2);
  126   1          IMU660RA_CS(1);
  127   1          return dat[1];
  128   1      }
  129          
  130          //-------------------------------------------------------------------------------------------------------
             -------------
  131          // å‡½æ•°ç®€ä»‹     IMU660RA è¯»æ•°æ®
  132          // å‚æ•°è¯´æ˜     reg             å¯„å­˜å™¨åœ°å€
  133          // å‚æ•°è¯´æ˜     dat            æ•°æ®ç¼“å†²åŒº
  134          // å‚æ•°è¯´æ˜     len             æ•°æ®é•¿åº¦
  135          // è¿”å›å‚æ•°     void
  136          // ä½¿ç”¨ç¤ºä¾‹     imu660ra_read_registers(IMU660RA_ACC_ADDRESS, dat, 6);
  137          // å¤‡æ³¨ä¿¡æ¯     å†…éƒ¨è°ƒç”¨
  138          //-------------------------------------------------------------------------------------------------------
             -------------
  139          static void imu660ra_read_registers(uint8 reg, uint8 *dat, uint32 len)
  140          {
  141   1          uint16 i = 0;
  142   1          uint8 temp_data[8];
  143   1          IMU660RA_CS(0);
  144   1          spi_read_8bit_registers(IMU660RA_SPI, reg | IMU660RA_SPI_R, temp_data, len + 1);
  145   1          IMU660RA_CS(1);
  146   1          
  147   1          for(i = 0; i < len; i ++)
  148   1          {
  149   2              *(dat ++) = temp_data[i + 1];
  150   2          }
  151   1      }
  152          #endif
  153          
  154          //-------------------------------------------------------------------------------------------------------
             -------------
  155          // å‡½æ•°ç®€ä»‹     IMU660RA è‡ªæ£€
  156          // å‚æ•°è¯´æ˜     void
  157          // è¿”å›å‚æ•°     uint8           1-è‡ªæ£€å¤±è´¥ 0-è‡ªæ£€æˆåŠŸ
  158          // ä½¿ç”¨ç¤ºä¾‹     imu660ra_self_check();
  159          // å¤‡æ³¨ä¿¡æ¯     å†…éƒ¨è°ƒç”¨
  160          //-------------------------------------------------------------------------------------------------------
             -------------
  161          static uint8 imu660ra_self_check (void)
  162          {
C251 COMPILER V5.60.0,  zf_device_imu660ra                                                 04/04/25  21:21:55  PAGE 4   

  163   1          uint8 dat = 0, return_state = 0;
  164   1          uint16 timeout_count = 0;
  165   1          
  166   1          do
  167   1          {
  168   2              if(timeout_count ++ > IMU660RA_TIMEOUT_COUNT)
  169   2              {
  170   3                  return_state =  1;
  171   3                  break;
  172   3              }
  173   2              
  174   2              dat = imu660ra_read_register(IMU660RA_CHIP_ID);
  175   2              printf("imu660ra_read_register = 0x%X\r\n", dat);
  176   2              system_delay_ms(1);
  177   2          }
  178   1          while(0x24 != dat);                                                     // è¯»å–è®¾å¤‡IDæ˜¯å¦ç­‰äº
             -0X24ï¼Œå¦‚æœä¸æ˜¯0X24åˆ™è®¤ä¸ºæ²¡æ£€æµ‹åˆ°è®¾å¤‡
  179   1          
  180   1          return return_state;
  181   1      }
  182          
  183          //-------------------------------------------------------------------------------------------------------
             -------------
  184          // å‡½æ•°ç®€ä»‹     è·å– IMU660RA åŠ é€Ÿåº¦è®¡æ•°æ®
  185          // å‚æ•°è¯´æ˜     void
  186          // è¿”å›å‚æ•°     void
  187          // ä½¿ç”¨ç¤ºä¾‹     imu660ra_get_acc();                                             // æ‰§è¡Œè¯¥å‡½æ•°å
             -ï¼Œç›´æ¥æŸ¥çœ‹å¯¹åº”çš„å˜é‡å³å¯
  188          // å¤‡æ³¨ä¿¡æ¯     ä½¿ç”¨ SPI çš„é‡‡é›†æ—¶é—´ä¸º69us
  189          //            ä½¿ç”¨ IIC çš„é‡‡é›†æ—¶é—´ä¸º126us        é‡‡é›†åŠ é€Ÿåº¦è®¡çš„æ—¶é—´ä¸é‡‡é›†é™€èºä»ªçš„æ
             -—¶é—´ä¸€è‡´çš„åŸå› æ˜¯éƒ½åªæ˜¯è¯»å–å¯„å­˜å™¨æ•°æ®
  190          //-------------------------------------------------------------------------------------------------------
             -------------
  191          void imu660ra_get_acc (void)
  192          {
  193   1          uint8 dat[6];
  194   1        
  195   1          imu_acc_x_pre=imu660ra_acc_x;
  196   1          imu_acc_y_pre=imu660ra_acc_y;
  197   1          imu_acc_z_pre=imu660ra_acc_z;
  198   1        
  199   1          imu660ra_read_registers(IMU660RA_ACC_ADDRESS, dat, 6);
  200   1          imu660ra_acc_x = (int16)(((uint16)dat[1] << 8 | dat[0]));
  201   1          imu660ra_acc_y = (int16)(((uint16)dat[3] << 8 | dat[2]));
  202   1          imu660ra_acc_z = (int16)(((uint16)dat[5] << 8 | dat[4]));
  203   1      }
  204          //-------------------------------------------------------------------------------------------------------
             -------------
  205          // å‡½æ•°ç®€ä»‹     è·å– IMU660RA é™€èºä»ªæ•°æ®
  206          // å‚æ•°è¯´æ˜     void
  207          // è¿”å›å‚æ•°     void
  208          // ä½¿ç”¨ç¤ºä¾‹     imu660ra_get_gyro();                                            // æ‰§è¡Œè¯¥å‡½æ•°å
             -ï¼Œç›´æ¥æŸ¥çœ‹å¯¹åº”çš„å˜é‡å³å¯
  209          // å¤‡æ³¨ä¿¡æ¯     ä½¿ç”¨ SPI çš„é‡‡é›†æ—¶é—´ä¸º69us
  210          //            ä½¿ç”¨ IIC çš„é‡‡é›†æ—¶é—´ä¸º126us
  211          //-------------------------------------------------------------------------------------------------------
             -------------
  212          void imu660ra_get_gyro (void)
  213          {
  214   1          uint8 dat[6];
  215   1        
  216   1          imu_gyro_x_pre=imu660ra_gyro_x;
  217   1          imu_gyro_y_pre=imu660ra_gyro_y;
  218   1          imu_gyro_z_pre=imu660ra_gyro_z;
  219   1          
  220   1          imu660ra_read_registers(IMU660RA_GYRO_ADDRESS, dat, 6);
C251 COMPILER V5.60.0,  zf_device_imu660ra                                                 04/04/25  21:21:55  PAGE 5   

  221   1          imu660ra_gyro_x = (int16)(((uint16)dat[1] << 8 | dat[0]));
  222   1          imu660ra_gyro_y = (int16)(((uint16)dat[3] << 8 | dat[2]));
  223   1          imu660ra_gyro_z = (int16)(((uint16)dat[5] << 8 | dat[4]));
  224   1      }
  225          
  226          //-------------------------------------------------------------------------------------------------------
             -------------
  227          // å‡½æ•°ç®€ä»‹     åˆå§‹åŒ– IMU660RA
  228          // å‚æ•°è¯´æ˜     void
  229          // è¿”å›å‚æ•°     uint8           1-åˆå§‹åŒ–å¤±è´¥ 0-åˆå§‹åŒ–æˆåŠŸ
  230          // ä½¿ç”¨ç¤ºä¾‹     imu660ra_init();
  231          // å¤‡æ³¨ä¿¡æ¯
  232          //-------------------------------------------------------------------------------------------------------
             -------------
  233          uint8 imu660ra_init (void)
  234          {
  235   1          uint8 return_state = 0;
  236   1          system_delay_ms(20);                                                        // ç­‰å¾…è®¾å¤‡ä¸Šç”µæˆå
             -ŠŸ
  237   1          
  238   1      #if IMU660RA_USE_SOFT_IIC
                   soft_iic_init(&imu660ra_iic_struct, IMU660RA_DEV_ADDR, IMU660RA_SOFT_IIC_DELAY, IMU660RA_SCL_PIN, IMU
             -660RA_SDA_PIN);        // é…ç½® IMU660RA çš„ IIC ç«¯å£
               #else
  241   1          spi_init(IMU660RA_SPI, SPI_MODE0, IMU660RA_SPI_SPEED, IMU660RA_SPC_PIN, IMU660RA_SDI_PIN, IMU660RA_SD
             -O_PIN, SPI_CS_NULL);   // é…ç½® IMU660RA çš„ SPI ç«¯å£
  242   1          gpio_init(IMU660RA_CS_PIN, GPO, GPIO_HIGH, GPO_PUSH_PULL);            // é…ç½® IMU660RA çš„CSç«¯å£
  243   1          //  imu660ra_read_register(IMU660RA_CHIP_ID);                                   // è¯»å–ä¸€ä¸‹è®¾å¤‡I
             -D å°†è®¾å¤‡è®¾ç½®ä¸ºSPIæ¨¡å¼
  244   1      #endif
  245   1          
  246   1          do
  247   1          {
  248   2              if(imu660ra_self_check())                                               // IMU660RA è‡ªæ£€
  249   2              {
  250   3                  // å¦‚æœç¨‹åºåœ¨è¾“å‡ºäº†æ–­è¨€ä¿¡æ¯ å¹¶ä¸”æç¤ºå‡ºé”™ä½ç½®åœ¨è¿™é‡Œ
  251   3                  // é‚£ä¹ˆå°±æ˜¯ IMU660RA è‡ªæ£€å‡ºé”™å¹¶è¶…æ—¶é€€å‡ºäº†
  252   3                  // æ£€æŸ¥ä¸€ä¸‹æ¥çº¿æœ‰æ²¡æœ‰é—®é¢˜ å¦‚æœæ²¡é—®é¢˜å¯èƒ½å°±æ˜¯åäº†
  253   3                  printf( "imu660ra self check error.\r\n");
  254   3                  return_state = 1;
  255   3                  break;
  256   3              }
  257   2              
  258   2              imu660ra_write_register(IMU660RA_PWR_CONF, 0x00);                       // å…³é—­é«˜çº§çœç”µæ¨¡å
             -¼
  259   2              system_delay_ms(1);
  260   2              imu660ra_write_register(IMU660RA_INIT_CTRL, 0x00);                      // å¼€å§‹å¯¹æ¨¡å—è¿›è¡Œå
             -ˆå§‹åŒ–é…ç½®
  261   2              imu660ra_write_registers(IMU660RA_INIT_DATA, imu660ra_config_file, sizeof(imu660ra_config_file));
             -   // è¾“å‡ºé…ç½®æ–‡ä»¶
  262   2              imu660ra_write_register(IMU660RA_INIT_CTRL, 0x01);                      // åˆå§‹åŒ–é…ç½®ç»“æŸ
  263   2              system_delay_ms(20);
  264   2              
  265   2              if(1 != imu660ra_read_register(IMU660RA_INT_STA))                       // æ£€æŸ¥æ˜¯å¦é…ç½®å®Œæ
             -ˆ
  266   2              {
  267   3                  // å¦‚æœç¨‹åºåœ¨è¾“å‡ºäº†æ–­è¨€ä¿¡æ¯ å¹¶ä¸”æç¤ºå‡ºé”™ä½ç½®åœ¨è¿™é‡Œ
  268   3                  // é‚£ä¹ˆå°±æ˜¯ IMU660RA é…ç½®åˆå§‹åŒ–æ–‡ä»¶å‡ºé”™äº†
  269   3                  // æ£€æŸ¥ä¸€ä¸‹æ¥çº¿æœ‰æ²¡æœ‰é—®é¢˜ å¦‚æœæ²¡é—®é¢˜å¯èƒ½å°±æ˜¯åäº†
  270   3                  printf( "imu660ra init error.\r\n");
  271   3                  return_state = 1;
  272   3                  break;
  273   3              }
  274   2              
  275   2              imu660ra_write_register(IMU660RA_PWR_CTRL, 0x0E);                       // å¼€å¯æ€§èƒ½æ¨¡å¼  ä½
             -¿èƒ½é™€èºä»ªã€åŠ é€Ÿåº¦ã€æ¸©åº¦ä¼ æ„Ÿå™¨
C251 COMPILER V5.60.0,  zf_device_imu660ra                                                 04/04/25  21:21:55  PAGE 6   

  276   2              imu660ra_write_register(IMU660RA_ACC_CONF, 0xA7);                       // åŠ é€Ÿåº¦é‡‡é›†é…ç½® 
             -æ€§èƒ½æ¨¡å¼ æ­£å¸¸é‡‡é›† 50Hz  é‡‡æ ·é¢‘ç‡
  277   2              imu660ra_write_register(IMU660RA_GYR_CONF, 0xA9);                       // é™€èºä»ªé‡‡é›†é…ç½® 
             -æ€§èƒ½æ¨¡å¼ æ­£å¸¸é‡‡é›† 200Hz é‡‡æ ·é¢‘ç‡
  278   2              
  279   2              // IMU660RA_ACC_SAMPLE å¯„å­˜å™¨
  280   2              // è®¾ç½®ä¸º 0x00 åŠ é€Ÿåº¦è®¡é‡ç¨‹ä¸º Â±2  g   è·å–åˆ°çš„åŠ é€Ÿåº¦è®¡æ•°æ®é™¤ä»¥ 16384  å¯ä
             -»¥è½¬åŒ–ä¸ºå¸¦ç‰©ç†å•ä½çš„æ•°æ® å•ä½ g(m/s^2)
  281   2              // è®¾ç½®ä¸º 0x01 åŠ é€Ÿåº¦è®¡é‡ç¨‹ä¸º Â±4  g   è·å–åˆ°çš„åŠ é€Ÿåº¦è®¡æ•°æ®é™¤ä»¥ 8192   å¯ä
             -»¥è½¬åŒ–ä¸ºå¸¦ç‰©ç†å•ä½çš„æ•°æ® å•ä½ g(m/s^2)
  282   2              // è®¾ç½®ä¸º 0x02 åŠ é€Ÿåº¦è®¡é‡ç¨‹ä¸º Â±8  g   è·å–åˆ°çš„åŠ é€Ÿåº¦è®¡æ•°æ®é™¤ä»¥ 4096   å¯ä
             -»¥è½¬åŒ–ä¸ºå¸¦ç‰©ç†å•ä½çš„æ•°æ® å•ä½ g(m/s^2)
  283   2              // è®¾ç½®ä¸º 0x03 åŠ é€Ÿåº¦è®¡é‡ç¨‹ä¸º Â±16 g   è·å–åˆ°çš„åŠ é€Ÿåº¦è®¡æ•°æ®é™¤ä»¥ 2048   å¯ä
             -»¥è½¬åŒ–ä¸ºå¸¦ç‰©ç†å•ä½çš„æ•°æ® å•ä½ g(m/s^2)
  284   2              switch(IMU660RA_ACC_SAMPLE_DEFAULT)
  285   2              {
  286   3                  default:
  287   3                  {
  288   4                      printf( "IMU660RA_ACC_SAMPLE_DEFAULT set error.\r\n");
  289   4                      return_state = 1;
  290   4                  }
  291   3                  break;
  292   3                  
  293   3                  case IMU660RA_ACC_SAMPLE_SGN_2G:
  294   3                  {
  295   4                      imu660ra_write_register(IMU660RA_ACC_RANGE, 0x00);
  296   4                      imu660ra_transition_factor[0] = 16384;
  297   4                  }
  298   3                  break;
  299   3                  
  300   3                  case IMU660RA_ACC_SAMPLE_SGN_4G:
  301   3                  {
  302   4                      imu660ra_write_register(IMU660RA_ACC_RANGE, 0x01);
  303   4                      imu660ra_transition_factor[0] = 8192;
  304   4                  }
  305   3                  break;
  306   3                  
  307   3                  case IMU660RA_ACC_SAMPLE_SGN_8G:
  308   3                  {
  309   4                      imu660ra_write_register(IMU660RA_ACC_RANGE, 0x02);
  310   4                      imu660ra_transition_factor[0] = 4096;
  311   4                  }
  312   3                  break;
  313   3                  
  314   3                  case IMU660RA_ACC_SAMPLE_SGN_16G:
  315   3                  {
  316   4                      imu660ra_write_register(IMU660RA_ACC_RANGE, 0x03);
  317   4                      imu660ra_transition_factor[0] = 2048;
  318   4                  }
  319   3                  break;
  320   3              }
  321   2              
  322   2              if(1 == return_state)
  323   2              {
  324   3                  break;
  325   3              }
  326   2              
  327   2              // IMU660RA_GYR_RANGE å¯„å­˜å™¨
  328   2              // è®¾ç½®ä¸º 0x04 é™€èºä»ªé‡ç¨‹ä¸º Â±125  dps    è·å–åˆ°çš„é™€èºä»ªæ•°æ®é™¤ä»¥ 262.4   å¯ä
             -»¥è½¬åŒ–ä¸ºå¸¦ç‰©ç†å•ä½çš„æ•°æ® å•ä½ä¸º Â°/s
  329   2              // è®¾ç½®ä¸º 0x03 é™€èºä»ªé‡ç¨‹ä¸º Â±250  dps    è·å–åˆ°çš„é™€èºä»ªæ•°æ®é™¤ä»¥ 131.2   å¯ä
             -»¥è½¬åŒ–ä¸ºå¸¦ç‰©ç†å•ä½çš„æ•°æ® å•ä½ä¸º Â°/s
  330   2              // è®¾ç½®ä¸º 0x02 é™€èºä»ªé‡ç¨‹ä¸º Â±500  dps    è·å–åˆ°çš„é™€èºä»ªæ•°æ®é™¤ä»¥ 65.6    å¯ä
             -»¥è½¬åŒ–ä¸ºå¸¦ç‰©ç†å•ä½çš„æ•°æ® å•ä½ä¸º Â°/s
  331   2              // è®¾ç½®ä¸º 0x01 é™€èºä»ªé‡ç¨‹ä¸º Â±1000 dps    è·å–åˆ°çš„é™€èºä»ªæ•°æ®é™¤ä»¥ 32.8    å¯ä
             -»¥è½¬åŒ–ä¸ºå¸¦ç‰©ç†å•ä½çš„æ•°æ® å•ä½ä¸º Â°/s
C251 COMPILER V5.60.0,  zf_device_imu660ra                                                 04/04/25  21:21:55  PAGE 7   

  332   2              // è®¾ç½®ä¸º 0x00 é™€èºä»ªé‡ç¨‹ä¸º Â±2000 dps    è·å–åˆ°çš„é™€èºä»ªæ•°æ®é™¤ä»¥ 16.4    å¯ä
             -»¥è½¬åŒ–ä¸ºå¸¦ç‰©ç†å•ä½çš„æ•°æ® å•ä½ä¸º Â°/s
  333   2              switch(IMU660RA_GYRO_SAMPLE_DEFAULT)
  334   2              {
  335   3                  default:
  336   3                  {
  337   4                      printf( "IMU660RA_GYRO_SAMPLE_DEFAULT set error.\r\n");
  338   4                      return_state = 1;
  339   4                  }
  340   3                  break;
  341   3                  
  342   3                  case IMU660RA_GYRO_SAMPLE_SGN_125DPS:
  343   3                  {
  344   4                      imu660ra_write_register(IMU660RA_GYR_RANGE, 0x04);
  345   4                      imu660ra_transition_factor[1] = 262.4;
  346   4                  }
  347   3                  break;
  348   3                  
  349   3                  case IMU660RA_GYRO_SAMPLE_SGN_250DPS:
  350   3                  {
  351   4                      imu660ra_write_register(IMU660RA_GYR_RANGE, 0x03);
  352   4                      imu660ra_transition_factor[1] = 131.2;
  353   4                  }
  354   3                  break;
  355   3                  
  356   3                  case IMU660RA_GYRO_SAMPLE_SGN_500DPS:
  357   3                  {
  358   4                      imu660ra_write_register(IMU660RA_GYR_RANGE, 0x02);
  359   4                      imu660ra_transition_factor[1] = 65.6;
  360   4                  }
  361   3                  break;
  362   3                  
  363   3                  case IMU660RA_GYRO_SAMPLE_SGN_1000DPS:
  364   3                  {
  365   4                      imu660ra_write_register(IMU660RA_GYR_RANGE, 0x01);
  366   4                      imu660ra_transition_factor[1] = 32.8;
  367   4                  }
  368   3                  break;
  369   3                  
  370   3                  case IMU660RA_GYRO_SAMPLE_SGN_2000DPS:
  371   3                  {
  372   4                      imu660ra_write_register(IMU660RA_GYR_RANGE, 0x00);
  373   4                      imu660ra_transition_factor[1] = 16.4;
  374   4                  }
  375   3                  break;
  376   3              }
  377   2              
  378   2              if(1 == return_state)
  379   2              {
  380   3                  break;
  381   3              }
  382   2          }
  383   1          while(0);
  384   1          
  385   1          return return_state;
  386   1      }
  387          
  388          


Module Information          Static   Overlayable
------------------------------------------------
  code size            =      1279     ------
  ecode size           =    ------     ------
  data size            =    ------     ------
  idata size           =    ------     ------
  pdata size           =    ------     ------
C251 COMPILER V5.60.0,  zf_device_imu660ra                                                 04/04/25  21:21:55  PAGE 8   

  xdata size           =        82     ------
  xdata-const size     =    ------     ------
  edata size           =    ------     ------
  bit size             =    ------     ------
  ebit size            =    ------     ------
  bitaddressable size  =    ------     ------
  ebitaddressable size =    ------     ------
  far data size        =    ------     ------
  huge data size       =    ------     ------
  const size           =    ------     ------
  hconst size          =       264     ------
End of Module Information.


C251 COMPILATION COMPLETE.  0 WARNING(S),  0 ERROR(S)
